<?xml version="1.0" encoding="UTF-8"?>
<!-- Generated by org.testng.reporters.JUnitReportReporter -->
<testsuite ignored="0" hostname="LAPTOP-BAP7C1KV" failures="0" tests="1" name="TCOO2_get_request" time="3.318" errors="0" timestamp="28 Jul 2022 06:15:27 GMT" skipped="0">
  <testcase classname="TCOO2_get_request" name="headersvalidate" time="3.318"/>
</testsuite> <!-- TCOO2_get_request -->
