<?xml version="1.0" encoding="UTF-8"?>
<!-- Generated by org.testng.reporters.JUnitReportReporter -->
<testsuite ignored="0" hostname="LAPTOP-BAP7C1KV" failures="0" tests="1" name="TC003_get_request" time="4.417" errors="0" timestamp="28 Jul 2022 06:35:14 GMT" skipped="0">
  <testcase classname="TC003_get_request" name="headersvalidating" time="4.417"/>
</testsuite> <!-- TC003_get_request -->
