<?xml version="1.0" encoding="UTF-8"?>
<!-- Generated by org.testng.reporters.JUnitReportReporter -->
<testsuite ignored="0" hostname="LAPTOP-BAP7C1KV" failures="0" tests="1" name="TC002_post_request" time="4.828" errors="0" timestamp="27 Jul 2022 06:36:48 GMT" skipped="0">
  <testcase classname="TC002_post_request" name="postrequest" time="4.828"/>
</testsuite> <!-- TC002_post_request -->
