<?xml version="1.0" encoding="UTF-8"?>
<!-- Generated by org.testng.reporters.JUnitReportReporter -->
<testsuite ignored="0" hostname="LAPTOP-BAP7C1KV" failures="0" tests="1" name="TC001_get_request" time="4.242" errors="0" timestamp="27 Jul 2022 06:14:30 GMT" skipped="0">
  <testcase classname="TC001_get_request" name="getweatherdetails" time="4.242"/>
</testsuite> <!-- TC001_get_request -->
